[2024-11-18T01:04:11.093+0000] {local_task_job_runner.py:123} INFO - ::group::Pre task execution logs
[2024-11-18T01:04:11.103+0000] {taskinstance.py:2612} INFO - Dependencies all met for dep_context=non-requeueable deps ti=<TaskInstance: airflow_clima_1.get_weather_data manual__2024-11-18T01:04:09.144465+00:00 [queued]>
[2024-11-18T01:04:11.108+0000] {taskinstance.py:2612} INFO - Dependencies all met for dep_context=requeueable deps ti=<TaskInstance: airflow_clima_1.get_weather_data manual__2024-11-18T01:04:09.144465+00:00 [queued]>
[2024-11-18T01:04:11.109+0000] {taskinstance.py:2865} INFO - Starting attempt 1 of 1
[2024-11-18T01:04:11.121+0000] {taskinstance.py:2888} INFO - Executing <Task(PythonOperator): get_weather_data> on 2024-11-18 01:04:09.144465+00:00
[2024-11-18T01:04:11.127+0000] {warnings.py:112} WARNING - /home/***/.local/lib/python3.12/site-packages/***/task/task_runner/standard_task_runner.py:70: DeprecationWarning: This process (pid=570) is multi-threaded, use of fork() may lead to deadlocks in the child.
  pid = os.fork()

[2024-11-18T01:04:11.128+0000] {standard_task_runner.py:104} INFO - Running: ['***', 'tasks', 'run', '***_clima_1', 'get_weather_data', 'manual__2024-11-18T01:04:09.144465+00:00', '--job-id', '23', '--raw', '--subdir', 'DAGS_FOLDER/***_clima_1.py', '--cfg-path', '/tmp/tmpzgzc41ah']
[2024-11-18T01:04:11.128+0000] {standard_task_runner.py:72} INFO - Started process 572 to run task
[2024-11-18T01:04:11.129+0000] {standard_task_runner.py:105} INFO - Job 23: Subtask get_weather_data
[2024-11-18T01:04:11.162+0000] {task_command.py:467} INFO - Running <TaskInstance: airflow_clima_1.get_weather_data manual__2024-11-18T01:04:09.144465+00:00 [running]> on host 0fb026160db8
[2024-11-18T01:04:11.219+0000] {taskinstance.py:3131} INFO - Exporting env vars: AIRFLOW_CTX_DAG_OWNER='***' AIRFLOW_CTX_DAG_ID='***_clima_1' AIRFLOW_CTX_TASK_ID='get_weather_data' AIRFLOW_CTX_EXECUTION_DATE='2024-11-18T01:04:09.144465+00:00' AIRFLOW_CTX_TRY_NUMBER='1' AIRFLOW_CTX_DAG_RUN_ID='manual__2024-11-18T01:04:09.144465+00:00'
[2024-11-18T01:04:11.220+0000] {logging_mixin.py:190} INFO - Task instance is in running state
[2024-11-18T01:04:11.221+0000] {logging_mixin.py:190} INFO -  Previous state of the Task instance: queued
[2024-11-18T01:04:11.221+0000] {logging_mixin.py:190} INFO - Current task name:get_weather_data state:running start_date:2024-11-18 01:04:11.104496+00:00
[2024-11-18T01:04:11.222+0000] {logging_mixin.py:190} INFO - Dag name:***_clima_1 and current dag run status:running
[2024-11-18T01:04:11.223+0000] {taskinstance.py:731} INFO - ::endgroup::
[2024-11-18T01:04:13.198+0000] {warnings.py:112} WARNING - /home/***/.local/lib/python3.12/site-packages/urllib3/connectionpool.py:1099: InsecureRequestWarning: Unverified HTTPS request is being made to host 'weather.visualcrossing.com'. Adding certificate verification is strongly advised. See: https://urllib3.readthedocs.io/en/latest/advanced-usage.html#tls-warnings
  warnings.warn(

[2024-11-18T01:04:13.424+0000] {python.py:240} INFO - Done. Returned value was: None
[2024-11-18T01:04:13.431+0000] {taskinstance.py:340} INFO - ::group::Post task execution logs
[2024-11-18T01:04:13.431+0000] {taskinstance.py:352} INFO - Marking task as SUCCESS. dag_id=***_clima_1, task_id=get_weather_data, run_id=manual__2024-11-18T01:04:09.144465+00:00, execution_date=20241118T010409, start_date=20241118T010411, end_date=20241118T010413
[2024-11-18T01:04:13.440+0000] {logging_mixin.py:190} INFO - Task instance in success state
[2024-11-18T01:04:13.441+0000] {logging_mixin.py:190} INFO -  Previous state of the Task instance: running
[2024-11-18T01:04:13.441+0000] {logging_mixin.py:190} INFO - Dag name:***_clima_1 queued_at:2024-11-18 01:04:09.156172+00:00
[2024-11-18T01:04:13.442+0000] {logging_mixin.py:190} INFO - Task hostname:0fb026160db8 operator:PythonOperator
[2024-11-18T01:04:13.477+0000] {local_task_job_runner.py:266} INFO - Task exited with return code 0
[2024-11-18T01:04:13.499+0000] {taskinstance.py:3900} INFO - 1 downstream tasks scheduled from follow-on schedule check
[2024-11-18T01:04:13.502+0000] {local_task_job_runner.py:245} INFO - ::endgroup::
