[2024-11-18T01:54:56.623+0000] {local_task_job_runner.py:123} INFO - ::group::Pre task execution logs
[2024-11-18T01:54:56.643+0000] {taskinstance.py:2612} INFO - Dependencies all met for dep_context=non-requeueable deps ti=<TaskInstance: airflow_clima_1.clean_weather_data manual__2024-11-18T01:54:50.053515+00:00 [queued]>
[2024-11-18T01:54:56.656+0000] {taskinstance.py:2612} INFO - Dependencies all met for dep_context=requeueable deps ti=<TaskInstance: airflow_clima_1.clean_weather_data manual__2024-11-18T01:54:50.053515+00:00 [queued]>
[2024-11-18T01:54:56.657+0000] {taskinstance.py:2865} INFO - Starting attempt 1 of 1
[2024-11-18T01:54:56.677+0000] {taskinstance.py:2888} INFO - Executing <Task(PythonOperator): clean_weather_data> on 2024-11-18 01:54:50.053515+00:00
[2024-11-18T01:54:56.689+0000] {warnings.py:112} WARNING - /home/***/.local/lib/python3.12/site-packages/***/task/task_runner/standard_task_runner.py:70: DeprecationWarning: This process (pid=979) is multi-threaded, use of fork() may lead to deadlocks in the child.
  pid = os.fork()

[2024-11-18T01:54:56.691+0000] {standard_task_runner.py:72} INFO - Started process 981 to run task
[2024-11-18T01:54:56.691+0000] {standard_task_runner.py:104} INFO - Running: ['***', 'tasks', 'run', '***_clima_1', 'clean_weather_data', 'manual__2024-11-18T01:54:50.053515+00:00', '--job-id', '38', '--raw', '--subdir', 'DAGS_FOLDER/***_clima_1.py', '--cfg-path', '/tmp/tmp33v3gjbv']
[2024-11-18T01:54:56.693+0000] {standard_task_runner.py:105} INFO - Job 38: Subtask clean_weather_data
[2024-11-18T01:54:56.785+0000] {task_command.py:467} INFO - Running <TaskInstance: airflow_clima_1.clean_weather_data manual__2024-11-18T01:54:50.053515+00:00 [running]> on host 0fb026160db8
[2024-11-18T01:54:56.922+0000] {taskinstance.py:3131} INFO - Exporting env vars: AIRFLOW_CTX_DAG_OWNER='***' AIRFLOW_CTX_DAG_ID='***_clima_1' AIRFLOW_CTX_TASK_ID='clean_weather_data' AIRFLOW_CTX_EXECUTION_DATE='2024-11-18T01:54:50.053515+00:00' AIRFLOW_CTX_TRY_NUMBER='1' AIRFLOW_CTX_DAG_RUN_ID='manual__2024-11-18T01:54:50.053515+00:00'
[2024-11-18T01:54:56.924+0000] {logging_mixin.py:190} INFO - Task instance is in running state
[2024-11-18T01:54:56.925+0000] {logging_mixin.py:190} INFO -  Previous state of the Task instance: queued
[2024-11-18T01:54:56.925+0000] {logging_mixin.py:190} INFO - Current task name:clean_weather_data state:running start_date:2024-11-18 01:54:56.644889+00:00
[2024-11-18T01:54:56.926+0000] {logging_mixin.py:190} INFO - Dag name:***_clima_1 and current dag run status:running
[2024-11-18T01:54:56.927+0000] {taskinstance.py:731} INFO - ::endgroup::
[2024-11-18T01:54:56.976+0000] {python.py:240} INFO - Done. Returned value was: None
[2024-11-18T01:54:56.988+0000] {taskinstance.py:340} INFO - ::group::Post task execution logs
[2024-11-18T01:54:56.988+0000] {taskinstance.py:352} INFO - Marking task as SUCCESS. dag_id=***_clima_1, task_id=clean_weather_data, run_id=manual__2024-11-18T01:54:50.053515+00:00, execution_date=20241118T015450, start_date=20241118T015456, end_date=20241118T015456
[2024-11-18T01:54:57.001+0000] {logging_mixin.py:190} INFO - Task instance in success state
[2024-11-18T01:54:57.002+0000] {logging_mixin.py:190} INFO -  Previous state of the Task instance: running
[2024-11-18T01:54:57.003+0000] {logging_mixin.py:190} INFO - Dag name:***_clima_1 queued_at:2024-11-18 01:54:50.076493+00:00
[2024-11-18T01:54:57.003+0000] {logging_mixin.py:190} INFO - Task hostname:0fb026160db8 operator:PythonOperator
[2024-11-18T01:54:57.031+0000] {local_task_job_runner.py:266} INFO - Task exited with return code 0
[2024-11-18T01:54:57.053+0000] {taskinstance.py:3900} INFO - 0 downstream tasks scheduled from follow-on schedule check
[2024-11-18T01:54:57.057+0000] {local_task_job_runner.py:245} INFO - ::endgroup::
