[2024-11-11T01:07:48.012+0000] {local_task_job_runner.py:123} INFO - ::group::Pre task execution logs
[2024-11-11T01:07:48.021+0000] {taskinstance.py:2612} INFO - Dependencies all met for dep_context=non-requeueable deps ti=<TaskInstance: airflow_clima_1.get_weather_data manual__2024-11-11T01:07:46.343298+00:00 [queued]>
[2024-11-11T01:07:48.027+0000] {taskinstance.py:2612} INFO - Dependencies all met for dep_context=requeueable deps ti=<TaskInstance: airflow_clima_1.get_weather_data manual__2024-11-11T01:07:46.343298+00:00 [queued]>
[2024-11-11T01:07:48.028+0000] {taskinstance.py:2865} INFO - Starting attempt 1 of 1
[2024-11-11T01:07:48.039+0000] {taskinstance.py:2888} INFO - Executing <Task(PythonOperator): get_weather_data> on 2024-11-11 01:07:46.343298+00:00
[2024-11-11T01:07:48.044+0000] {warnings.py:112} WARNING - /home/***/.local/lib/python3.12/site-packages/***/task/task_runner/standard_task_runner.py:70: DeprecationWarning: This process (pid=610) is multi-threaded, use of fork() may lead to deadlocks in the child.
  pid = os.fork()

[2024-11-11T01:07:48.046+0000] {standard_task_runner.py:72} INFO - Started process 612 to run task
[2024-11-11T01:07:48.046+0000] {standard_task_runner.py:104} INFO - Running: ['***', 'tasks', 'run', '***_clima_1', 'get_weather_data', 'manual__2024-11-11T01:07:46.343298+00:00', '--job-id', '8', '--raw', '--subdir', 'DAGS_FOLDER/***_clima_1.py', '--cfg-path', '/tmp/tmpp9yqci6u']
[2024-11-11T01:07:48.047+0000] {standard_task_runner.py:105} INFO - Job 8: Subtask get_weather_data
[2024-11-11T01:07:48.080+0000] {task_command.py:467} INFO - Running <TaskInstance: airflow_clima_1.get_weather_data manual__2024-11-11T01:07:46.343298+00:00 [running]> on host 200931e54d9b
[2024-11-11T01:07:48.140+0000] {taskinstance.py:3131} INFO - Exporting env vars: AIRFLOW_CTX_DAG_OWNER='***' AIRFLOW_CTX_DAG_ID='***_clima_1' AIRFLOW_CTX_TASK_ID='get_weather_data' AIRFLOW_CTX_EXECUTION_DATE='2024-11-11T01:07:46.343298+00:00' AIRFLOW_CTX_TRY_NUMBER='1' AIRFLOW_CTX_DAG_RUN_ID='manual__2024-11-11T01:07:46.343298+00:00'
[2024-11-11T01:07:48.142+0000] {logging_mixin.py:190} INFO - Task instance is in running state
[2024-11-11T01:07:48.143+0000] {logging_mixin.py:190} INFO -  Previous state of the Task instance: queued
[2024-11-11T01:07:48.144+0000] {logging_mixin.py:190} INFO - Current task name:get_weather_data state:running start_date:2024-11-11 01:07:48.022649+00:00
[2024-11-11T01:07:48.145+0000] {logging_mixin.py:190} INFO - Dag name:***_clima_1 and current dag run status:running
[2024-11-11T01:07:48.146+0000] {taskinstance.py:731} INFO - ::endgroup::
[2024-11-11T01:07:48.147+0000] {logging_mixin.py:190} INFO - PortoAlegre
[2024-11-11T01:07:48.147+0000] {logging_mixin.py:190} INFO - 2024-11-05
[2024-11-11T01:07:48.148+0000] {python.py:240} INFO - Done. Returned value was: None
[2024-11-11T01:07:48.155+0000] {taskinstance.py:340} INFO - ::group::Post task execution logs
[2024-11-11T01:07:48.155+0000] {taskinstance.py:352} INFO - Marking task as SUCCESS. dag_id=***_clima_1, task_id=get_weather_data, run_id=manual__2024-11-11T01:07:46.343298+00:00, execution_date=20241111T010746, start_date=20241111T010748, end_date=20241111T010748
[2024-11-11T01:07:48.163+0000] {logging_mixin.py:190} INFO - Task instance in success state
[2024-11-11T01:07:48.164+0000] {logging_mixin.py:190} INFO -  Previous state of the Task instance: running
[2024-11-11T01:07:48.165+0000] {logging_mixin.py:190} INFO - Dag name:***_clima_1 queued_at:2024-11-11 01:07:46.349938+00:00
[2024-11-11T01:07:48.165+0000] {logging_mixin.py:190} INFO - Task hostname:200931e54d9b operator:PythonOperator
[2024-11-11T01:07:48.180+0000] {local_task_job_runner.py:266} INFO - Task exited with return code 0
[2024-11-11T01:07:48.192+0000] {taskinstance.py:3900} INFO - 0 downstream tasks scheduled from follow-on schedule check
[2024-11-11T01:07:48.195+0000] {local_task_job_runner.py:245} INFO - ::endgroup::
