[2024-11-18T01:06:07.382+0000] {local_task_job_runner.py:123} INFO - ::group::Pre task execution logs
[2024-11-18T01:06:07.393+0000] {taskinstance.py:2612} INFO - Dependencies all met for dep_context=non-requeueable deps ti=<TaskInstance: airflow_clima_1.get_weather_data manual__2024-11-18T01:06:06.122204+00:00 [queued]>
[2024-11-18T01:06:07.399+0000] {taskinstance.py:2612} INFO - Dependencies all met for dep_context=requeueable deps ti=<TaskInstance: airflow_clima_1.get_weather_data manual__2024-11-18T01:06:06.122204+00:00 [queued]>
[2024-11-18T01:06:07.399+0000] {taskinstance.py:2865} INFO - Starting attempt 1 of 1
[2024-11-18T01:06:07.411+0000] {taskinstance.py:2888} INFO - Executing <Task(PythonOperator): get_weather_data> on 2024-11-18 01:06:06.122204+00:00
[2024-11-18T01:06:07.416+0000] {warnings.py:112} WARNING - /home/***/.local/lib/python3.12/site-packages/***/task/task_runner/standard_task_runner.py:70: DeprecationWarning: This process (pid=606) is multi-threaded, use of fork() may lead to deadlocks in the child.
  pid = os.fork()

[2024-11-18T01:06:07.418+0000] {standard_task_runner.py:72} INFO - Started process 608 to run task
[2024-11-18T01:06:07.418+0000] {standard_task_runner.py:104} INFO - Running: ['***', 'tasks', 'run', '***_clima_1', 'get_weather_data', 'manual__2024-11-18T01:06:06.122204+00:00', '--job-id', '25', '--raw', '--subdir', 'DAGS_FOLDER/***_clima_1.py', '--cfg-path', '/tmp/tmpaw29vjss']
[2024-11-18T01:06:07.419+0000] {standard_task_runner.py:105} INFO - Job 25: Subtask get_weather_data
[2024-11-18T01:06:07.453+0000] {task_command.py:467} INFO - Running <TaskInstance: airflow_clima_1.get_weather_data manual__2024-11-18T01:06:06.122204+00:00 [running]> on host 0fb026160db8
[2024-11-18T01:06:07.512+0000] {taskinstance.py:3131} INFO - Exporting env vars: AIRFLOW_CTX_DAG_OWNER='***' AIRFLOW_CTX_DAG_ID='***_clima_1' AIRFLOW_CTX_TASK_ID='get_weather_data' AIRFLOW_CTX_EXECUTION_DATE='2024-11-18T01:06:06.122204+00:00' AIRFLOW_CTX_TRY_NUMBER='1' AIRFLOW_CTX_DAG_RUN_ID='manual__2024-11-18T01:06:06.122204+00:00'
[2024-11-18T01:06:07.513+0000] {logging_mixin.py:190} INFO - Task instance is in running state
[2024-11-18T01:06:07.514+0000] {logging_mixin.py:190} INFO -  Previous state of the Task instance: queued
[2024-11-18T01:06:07.515+0000] {logging_mixin.py:190} INFO - Current task name:get_weather_data state:running start_date:2024-11-18 01:06:07.394413+00:00
[2024-11-18T01:06:07.515+0000] {logging_mixin.py:190} INFO - Dag name:***_clima_1 and current dag run status:running
[2024-11-18T01:06:07.516+0000] {taskinstance.py:731} INFO - ::endgroup::
[2024-11-18T01:06:08.135+0000] {warnings.py:112} WARNING - /home/***/.local/lib/python3.12/site-packages/urllib3/connectionpool.py:1099: InsecureRequestWarning: Unverified HTTPS request is being made to host 'weather.visualcrossing.com'. Adding certificate verification is strongly advised. See: https://urllib3.readthedocs.io/en/latest/advanced-usage.html#tls-warnings
  warnings.warn(

[2024-11-18T01:06:08.357+0000] {python.py:240} INFO - Done. Returned value was: None
[2024-11-18T01:06:08.364+0000] {taskinstance.py:340} INFO - ::group::Post task execution logs
[2024-11-18T01:06:08.364+0000] {taskinstance.py:352} INFO - Marking task as SUCCESS. dag_id=***_clima_1, task_id=get_weather_data, run_id=manual__2024-11-18T01:06:06.122204+00:00, execution_date=20241118T010606, start_date=20241118T010607, end_date=20241118T010608
[2024-11-18T01:06:08.372+0000] {logging_mixin.py:190} INFO - Task instance in success state
[2024-11-18T01:06:08.373+0000] {logging_mixin.py:190} INFO -  Previous state of the Task instance: running
[2024-11-18T01:06:08.373+0000] {logging_mixin.py:190} INFO - Dag name:***_clima_1 queued_at:2024-11-18 01:06:06.130925+00:00
[2024-11-18T01:06:08.374+0000] {logging_mixin.py:190} INFO - Task hostname:0fb026160db8 operator:PythonOperator
[2024-11-18T01:06:08.397+0000] {local_task_job_runner.py:266} INFO - Task exited with return code 0
[2024-11-18T01:06:08.412+0000] {taskinstance.py:3900} INFO - 1 downstream tasks scheduled from follow-on schedule check
[2024-11-18T01:06:08.415+0000] {local_task_job_runner.py:245} INFO - ::endgroup::
