[2024-11-18T01:51:38.900+0000] {local_task_job_runner.py:123} INFO - ::group::Pre task execution logs
[2024-11-18T01:51:38.931+0000] {taskinstance.py:2612} INFO - Dependencies all met for dep_context=non-requeueable deps ti=<TaskInstance: airflow_clima_1.get_weather_data manual__2024-11-18T01:51:36.406381+00:00 [queued]>
[2024-11-18T01:51:38.950+0000] {taskinstance.py:2612} INFO - Dependencies all met for dep_context=requeueable deps ti=<TaskInstance: airflow_clima_1.get_weather_data manual__2024-11-18T01:51:36.406381+00:00 [queued]>
[2024-11-18T01:51:38.951+0000] {taskinstance.py:2865} INFO - Starting attempt 1 of 1
[2024-11-18T01:51:38.983+0000] {taskinstance.py:2888} INFO - Executing <Task(PythonOperator): get_weather_data> on 2024-11-18 01:51:36.406381+00:00
[2024-11-18T01:51:38.994+0000] {warnings.py:112} WARNING - /home/***/.local/lib/python3.12/site-packages/***/task/task_runner/standard_task_runner.py:70: DeprecationWarning: This process (pid=908) is multi-threaded, use of fork() may lead to deadlocks in the child.
  pid = os.fork()

[2024-11-18T01:51:38.996+0000] {standard_task_runner.py:72} INFO - Started process 910 to run task
[2024-11-18T01:51:38.996+0000] {standard_task_runner.py:104} INFO - Running: ['***', 'tasks', 'run', '***_clima_1', 'get_weather_data', 'manual__2024-11-18T01:51:36.406381+00:00', '--job-id', '29', '--raw', '--subdir', 'DAGS_FOLDER/***_clima_1.py', '--cfg-path', '/tmp/tmpowi7w0gw']
[2024-11-18T01:51:38.998+0000] {standard_task_runner.py:105} INFO - Job 29: Subtask get_weather_data
[2024-11-18T01:51:39.062+0000] {task_command.py:467} INFO - Running <TaskInstance: airflow_clima_1.get_weather_data manual__2024-11-18T01:51:36.406381+00:00 [running]> on host 0fb026160db8
[2024-11-18T01:51:39.198+0000] {taskinstance.py:3131} INFO - Exporting env vars: AIRFLOW_CTX_DAG_OWNER='***' AIRFLOW_CTX_DAG_ID='***_clima_1' AIRFLOW_CTX_TASK_ID='get_weather_data' AIRFLOW_CTX_EXECUTION_DATE='2024-11-18T01:51:36.406381+00:00' AIRFLOW_CTX_TRY_NUMBER='1' AIRFLOW_CTX_DAG_RUN_ID='manual__2024-11-18T01:51:36.406381+00:00'
[2024-11-18T01:51:39.201+0000] {logging_mixin.py:190} INFO - Task instance is in running state
[2024-11-18T01:51:39.202+0000] {logging_mixin.py:190} INFO -  Previous state of the Task instance: queued
[2024-11-18T01:51:39.203+0000] {logging_mixin.py:190} INFO - Current task name:get_weather_data state:running start_date:2024-11-18 01:51:38.933104+00:00
[2024-11-18T01:51:39.203+0000] {logging_mixin.py:190} INFO - Dag name:***_clima_1 and current dag run status:running
[2024-11-18T01:51:39.204+0000] {taskinstance.py:731} INFO - ::endgroup::
[2024-11-18T01:51:40.077+0000] {warnings.py:112} WARNING - /home/***/.local/lib/python3.12/site-packages/urllib3/connectionpool.py:1099: InsecureRequestWarning: Unverified HTTPS request is being made to host 'weather.visualcrossing.com'. Adding certificate verification is strongly advised. See: https://urllib3.readthedocs.io/en/latest/advanced-usage.html#tls-warnings
  warnings.warn(

[2024-11-18T01:51:40.339+0000] {python.py:240} INFO - Done. Returned value was: None
[2024-11-18T01:51:40.358+0000] {taskinstance.py:340} INFO - ::group::Post task execution logs
[2024-11-18T01:51:40.359+0000] {taskinstance.py:352} INFO - Marking task as SUCCESS. dag_id=***_clima_1, task_id=get_weather_data, run_id=manual__2024-11-18T01:51:36.406381+00:00, execution_date=20241118T015136, start_date=20241118T015138, end_date=20241118T015140
[2024-11-18T01:51:40.375+0000] {logging_mixin.py:190} INFO - Task instance in success state
[2024-11-18T01:51:40.376+0000] {logging_mixin.py:190} INFO -  Previous state of the Task instance: running
[2024-11-18T01:51:40.377+0000] {logging_mixin.py:190} INFO - Dag name:***_clima_1 queued_at:2024-11-18 01:51:36.425613+00:00
[2024-11-18T01:51:40.378+0000] {logging_mixin.py:190} INFO - Task hostname:0fb026160db8 operator:PythonOperator
[2024-11-18T01:51:40.420+0000] {local_task_job_runner.py:266} INFO - Task exited with return code 0
[2024-11-18T01:51:40.457+0000] {taskinstance.py:3900} INFO - 1 downstream tasks scheduled from follow-on schedule check
[2024-11-18T01:51:40.463+0000] {local_task_job_runner.py:245} INFO - ::endgroup::
