[2024-11-18T00:40:28.143+0000] {local_task_job_runner.py:123} INFO - ::group::Pre task execution logs
[2024-11-18T00:40:28.154+0000] {taskinstance.py:2612} INFO - Dependencies all met for dep_context=non-requeueable deps ti=<TaskInstance: airflow_clima_1.clean_weather_data manual__2024-11-18T00:40:23.351440+00:00 [queued]>
[2024-11-18T00:40:28.159+0000] {taskinstance.py:2612} INFO - Dependencies all met for dep_context=requeueable deps ti=<TaskInstance: airflow_clima_1.clean_weather_data manual__2024-11-18T00:40:23.351440+00:00 [queued]>
[2024-11-18T00:40:28.160+0000] {taskinstance.py:2865} INFO - Starting attempt 1 of 1
[2024-11-18T00:40:28.171+0000] {taskinstance.py:2888} INFO - Executing <Task(PythonOperator): clean_weather_data> on 2024-11-18 00:40:23.351440+00:00
[2024-11-18T00:40:28.176+0000] {warnings.py:112} WARNING - /home/***/.local/lib/python3.12/site-packages/***/task/task_runner/standard_task_runner.py:70: DeprecationWarning: This process (pid=243) is multi-threaded, use of fork() may lead to deadlocks in the child.
  pid = os.fork()

[2024-11-18T00:40:28.178+0000] {standard_task_runner.py:72} INFO - Started process 245 to run task
[2024-11-18T00:40:28.178+0000] {standard_task_runner.py:104} INFO - Running: ['***', 'tasks', 'run', '***_clima_1', 'clean_weather_data', 'manual__2024-11-18T00:40:23.351440+00:00', '--job-id', '20', '--raw', '--subdir', 'DAGS_FOLDER/***_clima_1.py', '--cfg-path', '/tmp/tmpsq3sra_t']
[2024-11-18T00:40:28.179+0000] {standard_task_runner.py:105} INFO - Job 20: Subtask clean_weather_data
[2024-11-18T00:40:28.212+0000] {task_command.py:467} INFO - Running <TaskInstance: airflow_clima_1.clean_weather_data manual__2024-11-18T00:40:23.351440+00:00 [running]> on host 0fb026160db8
[2024-11-18T00:40:28.265+0000] {taskinstance.py:3131} INFO - Exporting env vars: AIRFLOW_CTX_DAG_OWNER='***' AIRFLOW_CTX_DAG_ID='***_clima_1' AIRFLOW_CTX_TASK_ID='clean_weather_data' AIRFLOW_CTX_EXECUTION_DATE='2024-11-18T00:40:23.351440+00:00' AIRFLOW_CTX_TRY_NUMBER='1' AIRFLOW_CTX_DAG_RUN_ID='manual__2024-11-18T00:40:23.351440+00:00'
[2024-11-18T00:40:28.267+0000] {logging_mixin.py:190} INFO - Task instance is in running state
[2024-11-18T00:40:28.267+0000] {logging_mixin.py:190} INFO -  Previous state of the Task instance: queued
[2024-11-18T00:40:28.268+0000] {logging_mixin.py:190} INFO - Current task name:clean_weather_data state:running start_date:2024-11-18 00:40:28.155039+00:00
[2024-11-18T00:40:28.268+0000] {logging_mixin.py:190} INFO - Dag name:***_clima_1 and current dag run status:running
[2024-11-18T00:40:28.269+0000] {taskinstance.py:731} INFO - ::endgroup::
[2024-11-18T00:40:28.270+0000] {logging_mixin.py:190} INFO - Rodando task de limpeza de dados bi arquivo: alguma_coisa
[2024-11-18T00:40:28.270+0000] {python.py:240} INFO - Done. Returned value was: None
[2024-11-18T00:40:28.277+0000] {taskinstance.py:340} INFO - ::group::Post task execution logs
[2024-11-18T00:40:28.277+0000] {taskinstance.py:352} INFO - Marking task as SUCCESS. dag_id=***_clima_1, task_id=clean_weather_data, run_id=manual__2024-11-18T00:40:23.351440+00:00, execution_date=20241118T004023, start_date=20241118T004028, end_date=20241118T004028
[2024-11-18T00:40:28.284+0000] {logging_mixin.py:190} INFO - Task instance in success state
[2024-11-18T00:40:28.285+0000] {logging_mixin.py:190} INFO -  Previous state of the Task instance: running
[2024-11-18T00:40:28.285+0000] {logging_mixin.py:190} INFO - Dag name:***_clima_1 queued_at:2024-11-18 00:40:23.361797+00:00
[2024-11-18T00:40:28.286+0000] {logging_mixin.py:190} INFO - Task hostname:0fb026160db8 operator:PythonOperator
[2024-11-18T00:40:28.312+0000] {local_task_job_runner.py:266} INFO - Task exited with return code 0
[2024-11-18T00:40:28.323+0000] {taskinstance.py:3900} INFO - 0 downstream tasks scheduled from follow-on schedule check
[2024-11-18T00:40:28.326+0000] {local_task_job_runner.py:245} INFO - ::endgroup::
