[2024-11-18T01:52:29.356+0000] {local_task_job_runner.py:123} INFO - ::group::Pre task execution logs
[2024-11-18T01:52:29.387+0000] {taskinstance.py:2612} INFO - Dependencies all met for dep_context=non-requeueable deps ti=<TaskInstance: airflow_clima_1.get_weather_data manual__2024-11-18T01:52:26.646458+00:00 [queued]>
[2024-11-18T01:52:29.402+0000] {taskinstance.py:2612} INFO - Dependencies all met for dep_context=requeueable deps ti=<TaskInstance: airflow_clima_1.get_weather_data manual__2024-11-18T01:52:26.646458+00:00 [queued]>
[2024-11-18T01:52:29.403+0000] {taskinstance.py:2865} INFO - Starting attempt 1 of 1
[2024-11-18T01:52:29.432+0000] {taskinstance.py:2888} INFO - Executing <Task(PythonOperator): get_weather_data> on 2024-11-18 01:52:26.646458+00:00
[2024-11-18T01:52:29.446+0000] {warnings.py:112} WARNING - /home/***/.local/lib/python3.12/site-packages/***/task/task_runner/standard_task_runner.py:70: DeprecationWarning: This process (pid=923) is multi-threaded, use of fork() may lead to deadlocks in the child.
  pid = os.fork()

[2024-11-18T01:52:29.450+0000] {standard_task_runner.py:72} INFO - Started process 925 to run task
[2024-11-18T01:52:29.449+0000] {standard_task_runner.py:104} INFO - Running: ['***', 'tasks', 'run', '***_clima_1', 'get_weather_data', 'manual__2024-11-18T01:52:26.646458+00:00', '--job-id', '31', '--raw', '--subdir', 'DAGS_FOLDER/***_clima_1.py', '--cfg-path', '/tmp/tmp6o97_ag7']
[2024-11-18T01:52:29.452+0000] {standard_task_runner.py:105} INFO - Job 31: Subtask get_weather_data
[2024-11-18T01:52:29.530+0000] {task_command.py:467} INFO - Running <TaskInstance: airflow_clima_1.get_weather_data manual__2024-11-18T01:52:26.646458+00:00 [running]> on host 0fb026160db8
[2024-11-18T01:52:29.664+0000] {taskinstance.py:3131} INFO - Exporting env vars: AIRFLOW_CTX_DAG_OWNER='***' AIRFLOW_CTX_DAG_ID='***_clima_1' AIRFLOW_CTX_TASK_ID='get_weather_data' AIRFLOW_CTX_EXECUTION_DATE='2024-11-18T01:52:26.646458+00:00' AIRFLOW_CTX_TRY_NUMBER='1' AIRFLOW_CTX_DAG_RUN_ID='manual__2024-11-18T01:52:26.646458+00:00'
[2024-11-18T01:52:29.667+0000] {logging_mixin.py:190} INFO - Task instance is in running state
[2024-11-18T01:52:29.668+0000] {logging_mixin.py:190} INFO -  Previous state of the Task instance: queued
[2024-11-18T01:52:29.670+0000] {logging_mixin.py:190} INFO - Current task name:get_weather_data state:running start_date:2024-11-18 01:52:29.389087+00:00
[2024-11-18T01:52:29.671+0000] {logging_mixin.py:190} INFO - Dag name:***_clima_1 and current dag run status:running
[2024-11-18T01:52:29.673+0000] {taskinstance.py:731} INFO - ::endgroup::
[2024-11-18T01:52:30.355+0000] {warnings.py:112} WARNING - /home/***/.local/lib/python3.12/site-packages/urllib3/connectionpool.py:1099: InsecureRequestWarning: Unverified HTTPS request is being made to host 'weather.visualcrossing.com'. Adding certificate verification is strongly advised. See: https://urllib3.readthedocs.io/en/latest/advanced-usage.html#tls-warnings
  warnings.warn(

[2024-11-18T01:52:30.639+0000] {python.py:240} INFO - Done. Returned value was: None
[2024-11-18T01:52:30.659+0000] {taskinstance.py:340} INFO - ::group::Post task execution logs
[2024-11-18T01:52:30.660+0000] {taskinstance.py:352} INFO - Marking task as SUCCESS. dag_id=***_clima_1, task_id=get_weather_data, run_id=manual__2024-11-18T01:52:26.646458+00:00, execution_date=20241118T015226, start_date=20241118T015229, end_date=20241118T015230
[2024-11-18T01:52:30.678+0000] {logging_mixin.py:190} INFO - Task instance in success state
[2024-11-18T01:52:30.679+0000] {logging_mixin.py:190} INFO -  Previous state of the Task instance: running
[2024-11-18T01:52:30.679+0000] {logging_mixin.py:190} INFO - Dag name:***_clima_1 queued_at:2024-11-18 01:52:26.666757+00:00
[2024-11-18T01:52:30.680+0000] {logging_mixin.py:190} INFO - Task hostname:0fb026160db8 operator:PythonOperator
[2024-11-18T01:52:30.715+0000] {local_task_job_runner.py:266} INFO - Task exited with return code 0
[2024-11-18T01:52:30.750+0000] {taskinstance.py:3900} INFO - 1 downstream tasks scheduled from follow-on schedule check
[2024-11-18T01:52:30.757+0000] {local_task_job_runner.py:245} INFO - ::endgroup::
